<?xml version="1.0" encoding="UTF-8"?>
<!-- Generated by org.testng.reporters.JUnitReportReporter -->
<testsuite hostname="Swapnil" failures="0" tests="1" name="com.firstCryTestLayerPackage.CartPageTest" time="2.623" errors="0" timestamp="2024-12-21T01:51:27 IST" skipped="0">
  <testcase classname="com.firstCryTestLayerPackage.CartPageTest" name="verifyingCartClassOperations" time="2.623"/>
  <system-out/>
</testsuite> <!-- com.firstCryTestLayerPackage.CartPageTest -->
