<?xml version="1.0" encoding="UTF-8"?>
<!-- Generated by org.testng.reporters.JUnitReportReporter -->
<testsuite hostname="Swapnil" failures="0" tests="1" name="com.firstCryTestLayerPackage.HomePageTesting" time="9.608" errors="0" timestamp="2024-12-21T01:51:27 IST" skipped="0">
  <testcase classname="com.firstCryTestLayerPackage.HomePageTesting" name="verifyingHomePageOperations" time="9.608"/>
  <system-out/>
</testsuite> <!-- com.firstCryTestLayerPackage.HomePageTesting -->
